<?xml version="1.0" encoding="UTF-8"?>
<testng-results ignored="0" total="1" passed="1" failed="0" skipped="0">
  <reporter-output>
    <line>
      <![CDATA[Online Shopping Site for Mobiles, Electronics, Furniture, Grocery, Lifestyle, Books & More. Exclusive Offers!]]>
    </line>
    <line>
      <![CDATA[Title is Matching:Online Shopping Site for Mobiles, Electronics, Furniture, Grocery, Lifestyle, Books & More. Exclusive Offers!]]>
    </line>
    <line>
      <![CDATA[Online Shopping Site for Mobiles, Electronics, Furniture, Grocery, Lifestyle, Books & More. Exclusive Offers!]]>
    </line>
    <line>
      <![CDATA[Username: nandishc057@gmail.com]]>
    </line>
    <line>
      <![CDATA[password:nandishc1990]]>
    </line>
  </reporter-output>
  <suite started-at="2018-09-15T16:44:42Z" name="Default suite" finished-at="2018-09-15T16:44:52Z" duration-ms="10380">
    <groups>
    </groups>
    <test started-at="2018-09-15T16:44:42Z" name="Default test" finished-at="2018-09-15T16:44:52Z" duration-ms="10380">
      <class name="com.flipkart.tests.validLoginLogoutTest">
        <test-method is-config="true" signature="preCondition()[pri:0, instance:com.flipkart.tests.validLoginLogoutTest@5677323c]" started-at="2018-09-15T16:44:42Z" name="preCondition" finished-at="2018-09-15T16:44:49Z" duration-ms="6753" status="PASS">
          <reporter-output>
          </reporter-output>
        </test-method> <!-- preCondition -->
        <test-method signature="testValidLoginLogout()[pri:0, instance:com.flipkart.tests.validLoginLogoutTest@5677323c]" started-at="2018-09-15T16:44:49Z" name="testValidLoginLogout" finished-at="2018-09-15T16:44:50Z" duration-ms="1230" status="PASS">
          <reporter-output>
            <line>
              <![CDATA[Online Shopping Site for Mobiles, Electronics, Furniture, Grocery, Lifestyle, Books & More. Exclusive Offers!]]>
            </line>
            <line>
              <![CDATA[Title is Matching:Online Shopping Site for Mobiles, Electronics, Furniture, Grocery, Lifestyle, Books & More. Exclusive Offers!]]>
            </line>
            <line>
              <![CDATA[Online Shopping Site for Mobiles, Electronics, Furniture, Grocery, Lifestyle, Books & More. Exclusive Offers!]]>
            </line>
            <line>
              <![CDATA[Username: nandishc057@gmail.com]]>
            </line>
            <line>
              <![CDATA[password:nandishc1990]]>
            </line>
          </reporter-output>
        </test-method> <!-- testValidLoginLogout -->
        <test-method is-config="true" signature="postCondition(org.testng.ITestResult)[pri:0, instance:com.flipkart.tests.validLoginLogoutTest@5677323c]" started-at="2018-09-15T16:44:50Z" name="postCondition" finished-at="2018-09-15T16:44:52Z" duration-ms="2364" status="PASS">
          <params>
            <param index="0">
              <value>
                <![CDATA[[TestResult name=testValidLoginLogout status=SUCCESS method=validLoginLogoutTest.testValidLoginLogout()[pri:0, instance:com.flipkart.tests.validLoginLogoutTest@5677323c] output=Online Shopping Site for Mobiles, Electronics, Furniture, Grocery, Lifestyle, Books & More. Exclusive Offers!]]]>
              </value>
            </param>
          </params>
          <reporter-output>
          </reporter-output>
        </test-method> <!-- postCondition -->
      </class> <!-- com.flipkart.tests.validLoginLogoutTest -->
    </test> <!-- Default test -->
  </suite> <!-- Default suite -->
</testng-results>
